0 info it worked if it ends with ok
1 verbose cli [ 'node', '/usr/local/bin/npm', 'install' ]
2 info using npm@1.3.11
3 info using node@v0.10.21
4 warn package.json node-example@0.0.1 No description
5 warn package.json node-example@0.0.1 No repository field.
6 warn package.json node-example@0.0.1 No README data
7 verbose readDependencies using package.json deps
8 verbose install where, deps [ '/Users/alexsamuel/Dropbox/School_2013-2014/Web03/herokuTest',
8 verbose install   [ 'express' ] ]
9 info preinstall node-example@0.0.1
10 verbose readDependencies using package.json deps
11 verbose cache add [ 'express@3.1.x', null ]
12 verbose cache add name=undefined spec="express@3.1.x" args=["express@3.1.x",null]
13 verbose parsed url { protocol: null,
13 verbose parsed url   slashes: null,
13 verbose parsed url   auth: null,
13 verbose parsed url   host: null,
13 verbose parsed url   port: null,
13 verbose parsed url   hostname: null,
13 verbose parsed url   hash: null,
13 verbose parsed url   search: null,
13 verbose parsed url   query: null,
13 verbose parsed url   pathname: 'express@3.1.x',
13 verbose parsed url   path: 'express@3.1.x',
13 verbose parsed url   href: 'express@3.1.x' }
14 verbose cache add name="express" spec="3.1.x" args=["express","3.1.x"]
15 verbose parsed url { protocol: null,
15 verbose parsed url   slashes: null,
15 verbose parsed url   auth: null,
15 verbose parsed url   host: null,
15 verbose parsed url   port: null,
15 verbose parsed url   hostname: null,
15 verbose parsed url   hash: null,
15 verbose parsed url   search: null,
15 verbose parsed url   query: null,
15 verbose parsed url   pathname: '3.1.x',
15 verbose parsed url   path: '3.1.x',
15 verbose parsed url   href: '3.1.x' }
16 verbose addNamed [ 'express', '3.1.x' ]
17 verbose addNamed [ null, '>=3.1.0-0 <3.2.0-0' ]
18 silly lockFile b38ae555-express-3-1-x express@3.1.x
19 verbose lock express@3.1.x /Users/alexsamuel/.npm/b38ae555-express-3-1-x.lock
20 silly addNameRange { name: 'express', range: '>=3.1.0-0 <3.2.0-0', hasData: false }
21 verbose url raw express
22 verbose url resolving [ 'https://registry.npmjs.org/', './express' ]
23 verbose url resolved https://registry.npmjs.org/express
24 info trying registry request attempt 1 at 19:49:06
25 http GET https://registry.npmjs.org/express
26 info retry will retry, error on last attempt: Error: connect ECONNREFUSED
27 info trying registry request attempt 2 at 19:49:16
28 http GET https://registry.npmjs.org/express
29 info retry will retry, error on last attempt: Error: connect ECONNREFUSED
30 info trying registry request attempt 3 at 19:50:16
31 http GET https://registry.npmjs.org/express
32 silly lockFile b38ae555-express-3-1-x express@3.1.x
33 silly lockFile b38ae555-express-3-1-x express@3.1.x
34 error Error: connect ECONNREFUSED
34 error     at errnoException (net.js:901:11)
34 error     at Object.afterConnect [as oncomplete] (net.js:892:19)
34 error  { [Error: connect ECONNREFUSED]
34 error   code: 'ECONNREFUSED',
34 error   errno: 'ECONNREFUSED',
34 error   syscall: 'connect' }
35 error If you are behind a proxy, please make sure that the
35 error 'proxy' config is set properly.  See: 'npm help config'
36 error System Darwin 13.0.0
37 error command "node" "/usr/local/bin/npm" "install"
38 error cwd /Users/alexsamuel/Dropbox/School_2013-2014/Web03/herokuTest
39 error node -v v0.10.21
40 error npm -v 1.3.11
41 error syscall connect
42 error code ECONNREFUSED
43 error errno ECONNREFUSED
44 error stack Error: connect ECONNREFUSED
44 error stack     at errnoException (net.js:901:11)
44 error stack     at Object.afterConnect [as oncomplete] (net.js:892:19)
45 verbose exit [ 1, true ]
